[1.241s] DEBUG:colcon:Command line arguments: ['/usr/bin/colcon', 'build', '--symlink-install']
[1.242s] DEBUG:colcon:Parsed command line arguments: Namespace(log_base=None, log_level=None, verb_name='build', build_base='build', install_base='install', merge_install=False, symlink_install=True, test_result_base=None, continue_on_error=False, executor='parallel', parallel_workers=4, event_handlers=None, ignore_user_meta=False, metas=['./colcon.meta'], base_paths=['.'], packages_ignore=None, packages_ignore_regex=None, paths=None, packages_up_to=None, packages_up_to_regex=None, packages_above=None, packages_above_and_dependencies=None, packages_above_depth=None, packages_select_by_dep=None, packages_skip_by_dep=None, packages_skip_up_to=None, packages_select_build_failed=False, packages_skip_build_finished=False, packages_select_test_failures=False, packages_skip_test_passed=False, packages_select=None, packages_skip=None, packages_select_regex=None, packages_skip_regex=None, packages_start=None, packages_end=None, allow_overriding=[], cmake_args=None, cmake_target=None, cmake_target_skip_unavailable=False, cmake_clean_cache=False, cmake_clean_first=False, cmake_force_configure=False, ament_cmake_args=None, catkin_cmake_args=None, catkin_skip_building_tests=False, mixin_files=None, mixin=None, verb_parser=<colcon_mixin.mixin.mixin_argument.MixinArgumentDecorator object at 0x7f38d7877940>, verb_extension=<colcon_core.verb.build.BuildVerb object at 0x7f38d7a40070>, main=<bound method BuildVerb.main of <colcon_core.verb.build.BuildVerb object at 0x7f38d7a40070>>, mixin_verb=('build',))
[2.053s] Level 1:colcon.colcon_core.package_discovery:discover_packages(colcon_meta) check parameters
[2.054s] Level 1:colcon.colcon_core.package_discovery:discover_packages(recursive) check parameters
[2.054s] Level 1:colcon.colcon_core.package_discovery:discover_packages(ignore) check parameters
[2.054s] Level 1:colcon.colcon_core.package_discovery:discover_packages(path) check parameters
[2.054s] Level 1:colcon.colcon_core.package_discovery:discover_packages(colcon_meta) discover
[2.054s] Level 1:colcon.colcon_core.package_discovery:discover_packages(recursive) discover
[2.054s] INFO:colcon.colcon_core.package_discovery:Crawling recursively for packages in '/home/xm/autonomy_ws'
[2.054s] Level 1:colcon.colcon_core.package_identification:_identify(.) by extensions ['ignore', 'ignore_ament_install']
[2.054s] Level 1:colcon.colcon_core.package_identification:_identify(.) by extension 'ignore'
[2.055s] Level 1:colcon.colcon_core.package_identification:_identify(.) by extension 'ignore_ament_install'
[2.055s] Level 1:colcon.colcon_core.package_identification:_identify(.) by extensions ['colcon_pkg']
[2.055s] Level 1:colcon.colcon_core.package_identification:_identify(.) by extension 'colcon_pkg'
[2.055s] Level 1:colcon.colcon_core.package_identification:_identify(.) by extensions ['colcon_meta']
[2.055s] Level 1:colcon.colcon_core.package_identification:_identify(.) by extension 'colcon_meta'
[2.055s] Level 1:colcon.colcon_core.package_identification:_identify(.) by extensions ['ros']
[2.055s] Level 1:colcon.colcon_core.package_identification:_identify(.) by extension 'ros'
[2.147s] Level 1:colcon.colcon_core.package_identification:_identify(.) by extensions ['cmake', 'python']
[2.148s] Level 1:colcon.colcon_core.package_identification:_identify(.) by extension 'cmake'
[2.148s] Level 1:colcon.colcon_core.package_identification:_identify(.) by extension 'python'
[2.148s] Level 1:colcon.colcon_core.package_identification:_identify(.) by extensions ['python_setup_py']
[2.148s] Level 1:colcon.colcon_core.package_identification:_identify(.) by extension 'python_setup_py'
[2.149s] Level 1:colcon.colcon_core.package_identification:_identify(build) by extensions ['ignore', 'ignore_ament_install']
[2.150s] Level 1:colcon.colcon_core.package_identification:_identify(build) by extension 'ignore'
[2.150s] Level 1:colcon.colcon_core.package_identification:_identify(build) ignored
[2.150s] Level 1:colcon.colcon_core.package_identification:_identify(install) by extensions ['ignore', 'ignore_ament_install']
[2.150s] Level 1:colcon.colcon_core.package_identification:_identify(install) by extension 'ignore'
[2.150s] Level 1:colcon.colcon_core.package_identification:_identify(install) ignored
[2.153s] Level 1:colcon.colcon_core.package_identification:_identify(log) by extensions ['ignore', 'ignore_ament_install']
[2.153s] Level 1:colcon.colcon_core.package_identification:_identify(log) by extension 'ignore'
[2.153s] Level 1:colcon.colcon_core.package_identification:_identify(log) ignored
[2.154s] Level 1:colcon.colcon_core.package_identification:_identify(src) by extensions ['ignore', 'ignore_ament_install']
[2.154s] Level 1:colcon.colcon_core.package_identification:_identify(src) by extension 'ignore'
[2.154s] Level 1:colcon.colcon_core.package_identification:_identify(src) by extension 'ignore_ament_install'
[2.154s] Level 1:colcon.colcon_core.package_identification:_identify(src) by extensions ['colcon_pkg']
[2.154s] Level 1:colcon.colcon_core.package_identification:_identify(src) by extension 'colcon_pkg'
[2.154s] Level 1:colcon.colcon_core.package_identification:_identify(src) by extensions ['colcon_meta']
[2.155s] Level 1:colcon.colcon_core.package_identification:_identify(src) by extension 'colcon_meta'
[2.155s] Level 1:colcon.colcon_core.package_identification:_identify(src) by extensions ['ros']
[2.155s] Level 1:colcon.colcon_core.package_identification:_identify(src) by extension 'ros'
[2.155s] Level 1:colcon.colcon_core.package_identification:_identify(src) by extensions ['cmake', 'python']
[2.155s] Level 1:colcon.colcon_core.package_identification:_identify(src) by extension 'cmake'
[2.155s] Level 1:colcon.colcon_core.package_identification:_identify(src) by extension 'python'
[2.155s] Level 1:colcon.colcon_core.package_identification:_identify(src) by extensions ['python_setup_py']
[2.155s] Level 1:colcon.colcon_core.package_identification:_identify(src) by extension 'python_setup_py'
[2.156s] Level 1:colcon.colcon_core.package_identification:_identify(src/autonomy_repo) by extensions ['ignore', 'ignore_ament_install']
[2.156s] Level 1:colcon.colcon_core.package_identification:_identify(src/autonomy_repo) by extension 'ignore'
[2.156s] Level 1:colcon.colcon_core.package_identification:_identify(src/autonomy_repo) by extension 'ignore_ament_install'
[2.156s] Level 1:colcon.colcon_core.package_identification:_identify(src/autonomy_repo) by extensions ['colcon_pkg']
[2.156s] Level 1:colcon.colcon_core.package_identification:_identify(src/autonomy_repo) by extension 'colcon_pkg'
[2.156s] Level 1:colcon.colcon_core.package_identification:_identify(src/autonomy_repo) by extensions ['colcon_meta']
[2.156s] Level 1:colcon.colcon_core.package_identification:_identify(src/autonomy_repo) by extension 'colcon_meta'
[2.157s] Level 1:colcon.colcon_core.package_identification:_identify(src/autonomy_repo) by extensions ['ros']
[2.157s] Level 1:colcon.colcon_core.package_identification:_identify(src/autonomy_repo) by extension 'ros'
[2.171s] DEBUG:colcon.colcon_core.package_identification:Package 'src/autonomy_repo' with type 'ros.ament_cmake' and name 'autonomy_repo'
[2.171s] Level 1:colcon.colcon_core.package_discovery:discover_packages(recursive) using defaults
[2.171s] Level 1:colcon.colcon_core.package_discovery:discover_packages(ignore) discover
[2.172s] Level 1:colcon.colcon_core.package_discovery:discover_packages(ignore) using defaults
[2.172s] Level 1:colcon.colcon_core.package_discovery:discover_packages(path) discover
[2.172s] Level 1:colcon.colcon_core.package_discovery:discover_packages(path) using defaults
[2.236s] Level 1:colcon.colcon_core.package_discovery:discover_packages(prefix_path) check parameters
[2.236s] Level 1:colcon.colcon_core.package_discovery:discover_packages(prefix_path) discover
[2.291s] DEBUG:colcon.colcon_installed_package_information.package_discovery:Found 1 installed packages in /home/xm/autonomy_ws/install
[2.414s] DEBUG:colcon.colcon_installed_package_information.package_discovery:Found 18 installed packages in /home/xm/tb_ws/install
[2.430s] DEBUG:colcon.colcon_installed_package_information.package_discovery:Found 304 installed packages in /opt/ros/humble
[2.435s] Level 1:colcon.colcon_core.package_discovery:discover_packages(prefix_path) using defaults
[3.067s] Level 5:colcon.colcon_core.verb:set package 'autonomy_repo' build argument 'cmake_args' from command line to 'None'
[3.067s] Level 5:colcon.colcon_core.verb:set package 'autonomy_repo' build argument 'cmake_target' from command line to 'None'
[3.067s] Level 5:colcon.colcon_core.verb:set package 'autonomy_repo' build argument 'cmake_target_skip_unavailable' from command line to 'False'
[3.067s] Level 5:colcon.colcon_core.verb:set package 'autonomy_repo' build argument 'cmake_clean_cache' from command line to 'False'
[3.067s] Level 5:colcon.colcon_core.verb:set package 'autonomy_repo' build argument 'cmake_clean_first' from command line to 'False'
[3.067s] Level 5:colcon.colcon_core.verb:set package 'autonomy_repo' build argument 'cmake_force_configure' from command line to 'False'
[3.067s] Level 5:colcon.colcon_core.verb:set package 'autonomy_repo' build argument 'ament_cmake_args' from command line to 'None'
[3.067s] Level 5:colcon.colcon_core.verb:set package 'autonomy_repo' build argument 'catkin_cmake_args' from command line to 'None'
[3.067s] Level 5:colcon.colcon_core.verb:set package 'autonomy_repo' build argument 'catkin_skip_building_tests' from command line to 'False'
[3.067s] DEBUG:colcon.colcon_core.verb:Building package 'autonomy_repo' with the following arguments: {'ament_cmake_args': None, 'build_base': '/home/xm/autonomy_ws/build/autonomy_repo', 'catkin_cmake_args': None, 'catkin_skip_building_tests': False, 'cmake_args': None, 'cmake_clean_cache': False, 'cmake_clean_first': False, 'cmake_force_configure': False, 'cmake_target': None, 'cmake_target_skip_unavailable': False, 'install_base': '/home/xm/autonomy_ws/install/autonomy_repo', 'merge_install': False, 'path': '/home/xm/autonomy_ws/src/autonomy_repo', 'symlink_install': True, 'test_result_base': None}
[3.068s] INFO:colcon.colcon_core.executor:Executing jobs using 'parallel' executor
[3.069s] DEBUG:colcon.colcon_parallel_executor.executor.parallel:run_until_complete
[3.071s] INFO:colcon.colcon_ros.task.ament_cmake.build:Building ROS package in '/home/xm/autonomy_ws/src/autonomy_repo' with build type 'ament_cmake'
[3.073s] INFO:colcon.colcon_cmake.task.cmake.build:Building CMake package in '/home/xm/autonomy_ws/src/autonomy_repo'
[3.090s] INFO:colcon.colcon_core.plugin_system:Skipping extension 'colcon_core.shell.bat': Not used on non-Windows systems
[3.090s] INFO:colcon.colcon_core.shell:Skip shell extension 'powershell' for command environment: Not usable outside of PowerShell
[3.090s] DEBUG:colcon.colcon_core.shell:Skip shell extension 'dsv' for command environment
[3.158s] DEBUG:colcon.colcon_core.event_handler.log_command:Invoking command in '/home/xm/autonomy_ws/build/autonomy_repo': CMAKE_PREFIX_PATH=${CMAKE_PREFIX_PATH}:/opt/ros/humble /opt/cmake/bin/cmake --build /home/xm/autonomy_ws/build/autonomy_repo -- -j4 -l4
[8.343s] DEBUG:colcon.colcon_core.event_handler.log_command:Invoked command in '/home/xm/autonomy_ws/build/autonomy_repo' returned '0': CMAKE_PREFIX_PATH=${CMAKE_PREFIX_PATH}:/opt/ros/humble /opt/cmake/bin/cmake --build /home/xm/autonomy_ws/build/autonomy_repo -- -j4 -l4
[8.389s] DEBUG:colcon.colcon_core.event_handler.log_command:Invoking command in '/home/xm/autonomy_ws/build/autonomy_repo': CMAKE_PREFIX_PATH=${CMAKE_PREFIX_PATH}:/opt/ros/humble /opt/cmake/bin/cmake --install /home/xm/autonomy_ws/build/autonomy_repo
[8.421s] Level 1:colcon.colcon_core.environment:create_environment_scripts_only(autonomy_repo)
[8.423s] DEBUG:colcon.colcon_core.event_handler.log_command:Invoked command in '/home/xm/autonomy_ws/build/autonomy_repo' returned '0': CMAKE_PREFIX_PATH=${CMAKE_PREFIX_PATH}:/opt/ros/humble /opt/cmake/bin/cmake --install /home/xm/autonomy_ws/build/autonomy_repo
[8.442s] Level 1:colcon.colcon_core.environment:checking '/home/xm/autonomy_ws/install/autonomy_repo' for CMake module files
[8.443s] Level 1:colcon.colcon_core.environment:checking '/home/xm/autonomy_ws/install/autonomy_repo' for CMake config files
[8.446s] Level 1:colcon.colcon_core.shell:create_environment_hook('autonomy_repo', 'cmake_prefix_path')
[8.446s] INFO:colcon.colcon_core.shell:Creating environment hook '/home/xm/autonomy_ws/install/autonomy_repo/share/autonomy_repo/hook/cmake_prefix_path.ps1'
[8.449s] INFO:colcon.colcon_core.shell:Creating environment descriptor '/home/xm/autonomy_ws/install/autonomy_repo/share/autonomy_repo/hook/cmake_prefix_path.dsv'
[8.451s] INFO:colcon.colcon_core.shell:Creating environment hook '/home/xm/autonomy_ws/install/autonomy_repo/share/autonomy_repo/hook/cmake_prefix_path.sh'
[8.454s] Level 1:colcon.colcon_core.environment:checking '/home/xm/autonomy_ws/install/autonomy_repo/lib'
[8.454s] Level 1:colcon.colcon_core.environment:checking '/home/xm/autonomy_ws/install/autonomy_repo/bin'
[8.454s] Level 1:colcon.colcon_core.environment:checking '/home/xm/autonomy_ws/install/autonomy_repo/lib/pkgconfig/autonomy_repo.pc'
[8.454s] Level 1:colcon.colcon_core.environment:checking '/home/xm/autonomy_ws/install/autonomy_repo/lib/python3.10/site-packages'
[8.455s] Level 1:colcon.colcon_core.environment:checking '/home/xm/autonomy_ws/install/autonomy_repo/bin'
[8.455s] INFO:colcon.colcon_core.shell:Creating package script '/home/xm/autonomy_ws/install/autonomy_repo/share/autonomy_repo/package.ps1'
[8.457s] INFO:colcon.colcon_core.shell:Creating package descriptor '/home/xm/autonomy_ws/install/autonomy_repo/share/autonomy_repo/package.dsv'
[8.458s] INFO:colcon.colcon_core.shell:Creating package script '/home/xm/autonomy_ws/install/autonomy_repo/share/autonomy_repo/package.sh'
[8.461s] INFO:colcon.colcon_core.shell:Creating package script '/home/xm/autonomy_ws/install/autonomy_repo/share/autonomy_repo/package.bash'
[8.464s] INFO:colcon.colcon_core.shell:Creating package script '/home/xm/autonomy_ws/install/autonomy_repo/share/autonomy_repo/package.zsh'
[8.466s] Level 1:colcon.colcon_core.environment:create_file_with_runtime_dependencies(/home/xm/autonomy_ws/install/autonomy_repo/share/colcon-core/packages/autonomy_repo)
[8.503s] Level 1:colcon.colcon_core.environment:create_environment_scripts_only(autonomy_repo)
[8.504s] Level 1:colcon.colcon_core.environment:checking '/home/xm/autonomy_ws/install/autonomy_repo' for CMake module files
[8.505s] Level 1:colcon.colcon_core.environment:checking '/home/xm/autonomy_ws/install/autonomy_repo' for CMake config files
[8.505s] Level 1:colcon.colcon_core.shell:create_environment_hook('autonomy_repo', 'cmake_prefix_path')
[8.506s] INFO:colcon.colcon_core.shell:Creating environment hook '/home/xm/autonomy_ws/install/autonomy_repo/share/autonomy_repo/hook/cmake_prefix_path.ps1'
[8.507s] INFO:colcon.colcon_core.shell:Creating environment descriptor '/home/xm/autonomy_ws/install/autonomy_repo/share/autonomy_repo/hook/cmake_prefix_path.dsv'
[8.508s] INFO:colcon.colcon_core.shell:Creating environment hook '/home/xm/autonomy_ws/install/autonomy_repo/share/autonomy_repo/hook/cmake_prefix_path.sh'
[8.509s] Level 1:colcon.colcon_core.environment:checking '/home/xm/autonomy_ws/install/autonomy_repo/lib'
[8.509s] Level 1:colcon.colcon_core.environment:checking '/home/xm/autonomy_ws/install/autonomy_repo/bin'
[8.509s] Level 1:colcon.colcon_core.environment:checking '/home/xm/autonomy_ws/install/autonomy_repo/lib/pkgconfig/autonomy_repo.pc'
[8.509s] Level 1:colcon.colcon_core.environment:checking '/home/xm/autonomy_ws/install/autonomy_repo/lib/python3.10/site-packages'
[8.510s] Level 1:colcon.colcon_core.environment:checking '/home/xm/autonomy_ws/install/autonomy_repo/bin'
[8.510s] INFO:colcon.colcon_core.shell:Creating package script '/home/xm/autonomy_ws/install/autonomy_repo/share/autonomy_repo/package.ps1'
[8.511s] INFO:colcon.colcon_core.shell:Creating package descriptor '/home/xm/autonomy_ws/install/autonomy_repo/share/autonomy_repo/package.dsv'
[8.512s] INFO:colcon.colcon_core.shell:Creating package script '/home/xm/autonomy_ws/install/autonomy_repo/share/autonomy_repo/package.sh'
[8.513s] INFO:colcon.colcon_core.shell:Creating package script '/home/xm/autonomy_ws/install/autonomy_repo/share/autonomy_repo/package.bash'
[8.514s] INFO:colcon.colcon_core.shell:Creating package script '/home/xm/autonomy_ws/install/autonomy_repo/share/autonomy_repo/package.zsh'
[8.515s] Level 1:colcon.colcon_core.environment:create_file_with_runtime_dependencies(/home/xm/autonomy_ws/install/autonomy_repo/share/colcon-core/packages/autonomy_repo)
[8.516s] DEBUG:colcon.colcon_parallel_executor.executor.parallel:closing loop
[8.518s] DEBUG:colcon.colcon_parallel_executor.executor.parallel:loop closed
[8.518s] DEBUG:colcon.colcon_parallel_executor.executor.parallel:run_until_complete finished with '0'
[8.518s] DEBUG:colcon.colcon_core.event_reactor:joining thread
[8.599s] INFO:colcon.colcon_core.plugin_system:Skipping extension 'colcon_notification.desktop_notification.terminal_notifier': Not used on non-Darwin systems
[8.599s] INFO:colcon.colcon_core.plugin_system:Skipping extension 'colcon_notification.desktop_notification.win32': Not used on non-Windows systems
[8.599s] INFO:colcon.colcon_notification.desktop_notification:Sending desktop notification using 'notify2'
[8.913s] DEBUG:colcon.colcon_core.event_reactor:joined thread
[8.914s] INFO:colcon.colcon_core.shell:Creating prefix script '/home/xm/autonomy_ws/install/local_setup.ps1'
[8.915s] INFO:colcon.colcon_core.shell:Creating prefix util module '/home/xm/autonomy_ws/install/_local_setup_util_ps1.py'
[8.921s] INFO:colcon.colcon_core.shell:Creating prefix chain script '/home/xm/autonomy_ws/install/setup.ps1'
[8.926s] INFO:colcon.colcon_core.shell:Creating prefix script '/home/xm/autonomy_ws/install/local_setup.sh'
[8.929s] INFO:colcon.colcon_core.shell:Creating prefix util module '/home/xm/autonomy_ws/install/_local_setup_util_sh.py'
[8.932s] INFO:colcon.colcon_core.shell:Creating prefix chain script '/home/xm/autonomy_ws/install/setup.sh'
[8.936s] INFO:colcon.colcon_core.shell:Creating prefix script '/home/xm/autonomy_ws/install/local_setup.bash'
[8.938s] INFO:colcon.colcon_core.shell:Creating prefix chain script '/home/xm/autonomy_ws/install/setup.bash'
[8.942s] INFO:colcon.colcon_core.shell:Creating prefix script '/home/xm/autonomy_ws/install/local_setup.zsh'
[8.944s] INFO:colcon.colcon_core.shell:Creating prefix chain script '/home/xm/autonomy_ws/install/setup.zsh'
