[0.029s] Invoking command in '/home/xm/autonomy_ws/build/autonomy_repo': CMAKE_PREFIX_PATH=${CMAKE_PREFIX_PATH}:/opt/ros/humble /opt/cmake/bin/cmake --build /home/xm/autonomy_ws/build/autonomy_repo -- -j4 -l4
[0.079s] Invoked command in '/home/xm/autonomy_ws/build/autonomy_repo' returned '0': CMAKE_PREFIX_PATH=${CMAKE_PREFIX_PATH}:/opt/ros/humble /opt/cmake/bin/cmake --build /home/xm/autonomy_ws/build/autonomy_repo -- -j4 -l4
[0.157s] Invoking command in '/home/xm/autonomy_ws/build/autonomy_repo': CMAKE_PREFIX_PATH=${CMAKE_PREFIX_PATH}:/opt/ros/humble /opt/cmake/bin/cmake --install /home/xm/autonomy_ws/build/autonomy_repo
[0.169s] -- Install configuration: ""
[0.169s] -- Execute custom install script
[0.170s] -- Up-to-date symlink: /home/xm/autonomy_ws/install/autonomy_repo/share/autonomy_repo/launch/icp.launch.py
[0.170s] -- Up-to-date symlink: /home/xm/autonomy_ws/install/autonomy_repo/share/autonomy_repo/rviz/default.rviz
[0.170s] -- Up-to-date symlink: /home/xm/autonomy_ws/install/autonomy_repo/lib/autonomy_repo/icp_node.py
[0.170s] -- Up-to-date symlink: /home/xm/autonomy_ws/install/autonomy_repo/share/ament_index/resource_index/package_run_dependencies/autonomy_repo
[0.170s] -- Up-to-date symlink: /home/xm/autonomy_ws/install/autonomy_repo/share/ament_index/resource_index/parent_prefix_path/autonomy_repo
[0.171s] -- Up-to-date symlink: /home/xm/autonomy_ws/install/autonomy_repo/share/autonomy_repo/environment/ament_prefix_path.sh
[0.171s] -- Up-to-date symlink: /home/xm/autonomy_ws/install/autonomy_repo/share/autonomy_repo/environment/ament_prefix_path.dsv
[0.171s] -- Up-to-date symlink: /home/xm/autonomy_ws/install/autonomy_repo/share/autonomy_repo/environment/path.sh
[0.172s] -- Up-to-date symlink: /home/xm/autonomy_ws/install/autonomy_repo/share/autonomy_repo/environment/path.dsv
[0.172s] -- Up-to-date symlink: /home/xm/autonomy_ws/install/autonomy_repo/share/autonomy_repo/local_setup.bash
[0.173s] -- Up-to-date symlink: /home/xm/autonomy_ws/install/autonomy_repo/share/autonomy_repo/local_setup.sh
[0.173s] -- Up-to-date symlink: /home/xm/autonomy_ws/install/autonomy_repo/share/autonomy_repo/local_setup.zsh
[0.174s] -- Up-to-date symlink: /home/xm/autonomy_ws/install/autonomy_repo/share/autonomy_repo/local_setup.dsv
[0.174s] -- Symlinking: /home/xm/autonomy_ws/install/autonomy_repo/share/autonomy_repo/package.dsv
[0.184s] -- Up-to-date symlink: /home/xm/autonomy_ws/install/autonomy_repo/share/ament_index/resource_index/packages/autonomy_repo
[0.185s] -- Up-to-date symlink: /home/xm/autonomy_ws/install/autonomy_repo/share/autonomy_repo/cmake/autonomy_repoConfig.cmake
[0.185s] -- Up-to-date symlink: /home/xm/autonomy_ws/install/autonomy_repo/share/autonomy_repo/cmake/autonomy_repoConfig-version.cmake
[0.185s] -- Up-to-date symlink: /home/xm/autonomy_ws/install/autonomy_repo/share/autonomy_repo/package.xml
[0.196s] Invoked command in '/home/xm/autonomy_ws/build/autonomy_repo' returned '0': CMAKE_PREFIX_PATH=${CMAKE_PREFIX_PATH}:/opt/ros/humble /opt/cmake/bin/cmake --install /home/xm/autonomy_ws/build/autonomy_repo
