[0.065s] Invoking command in '/home/xm/autonomy_ws/build/autonomy_repo': CMAKE_PREFIX_PATH=${CMAKE_PREFIX_PATH}:/opt/ros/humble /opt/cmake/bin/cmake --build /home/xm/autonomy_ws/build/autonomy_repo -- -j4 -l4
[0.238s] [0mCMake Deprecation Warning at CMakeLists.txt:1 (cmake_minimum_required):
[0.238s]   Compatibility with CMake < 3.10 will be removed from a future version of
[0.238s]   CMake.
[0.238s] 
[0.238s]   Update the VERSION argument <min> value or use a ...<max> suffix to tell
[0.239s]   CMake that the project does not need compatibility with older versions.
[0.239s] 
[0.240s] [0m
[0.295s] -- Found ament_cmake: 1.3.10 (/opt/ros/humble/share/ament_cmake/cmake)
[0.763s] -- Override CMake install command with custom implementation using symlinks instead of copying resources
[0.802s] -- Found rclpy: 3.3.14 (/opt/ros/humble/share/rclpy/cmake)
[0.804s] -- Found asl_tb3_lib: 0.0.0 (/home/xm/tb_ws/install/asl_tb3_lib/share/asl_tb3_lib/cmake)
[0.806s] -- Found asl_tb3_msgs: 0.0.0 (/home/xm/tb_ws/install/asl_tb3_msgs/share/asl_tb3_msgs/cmake)
[0.890s] -- Found rosidl_generator_c: 3.1.5 (/opt/ros/humble/share/rosidl_generator_c/cmake)
[0.900s] -- Found rosidl_adapter: 3.1.5 (/opt/ros/humble/share/rosidl_adapter/cmake)
[0.917s] -- Found rosidl_generator_cpp: 3.1.5 (/opt/ros/humble/share/rosidl_generator_cpp/cmake)
[0.950s] -- Using all available rosidl_typesupport_c: rosidl_typesupport_fastrtps_c;rosidl_typesupport_introspection_c
[0.991s] -- Using all available rosidl_typesupport_cpp: rosidl_typesupport_fastrtps_cpp;rosidl_typesupport_introspection_cpp
[1.110s] -- Found ament_lint_auto: 0.12.11 (/opt/ros/humble/share/ament_lint_auto/cmake)
[1.267s] -- Added test 'flake8' to check Python code syntax and style conventions
[1.269s] -- Added test 'lint_cmake' to check CMake code style
[1.270s] -- Added test 'pep257' to check Python code against some of the docstring style conventions in PEP 257
[1.272s] -- Added test 'xmllint' to check XML markup files
[1.280s] -- Configuring done (1.0s)
[1.318s] -- Generating done (0.0s)
[1.319s] -- Build files have been written to: /home/xm/autonomy_ws/build/autonomy_repo
[1.338s] Invoked command in '/home/xm/autonomy_ws/build/autonomy_repo' returned '0': CMAKE_PREFIX_PATH=${CMAKE_PREFIX_PATH}:/opt/ros/humble /opt/cmake/bin/cmake --build /home/xm/autonomy_ws/build/autonomy_repo -- -j4 -l4
[1.372s] Invoking command in '/home/xm/autonomy_ws/build/autonomy_repo': CMAKE_PREFIX_PATH=${CMAKE_PREFIX_PATH}:/opt/ros/humble /opt/cmake/bin/cmake --install /home/xm/autonomy_ws/build/autonomy_repo
[1.377s] -- Install configuration: ""
[1.378s] -- Execute custom install script
[1.379s] -- Up-to-date symlink: /home/xm/autonomy_ws/install/autonomy_repo/share/autonomy_repo/launch/icp.launch.py
[1.380s] -- Up-to-date symlink: /home/xm/autonomy_ws/install/autonomy_repo/share/autonomy_repo/rviz/default.rviz
[1.381s] -- Up-to-date symlink: /home/xm/autonomy_ws/install/autonomy_repo/lib/autonomy_repo/icp_node.py
[1.382s] -- Up-to-date symlink: /home/xm/autonomy_ws/install/autonomy_repo/lib/autonomy_repo/keyboard_teleop.py
[1.382s] -- Up-to-date symlink: /home/xm/autonomy_ws/install/autonomy_repo/share/ament_index/resource_index/package_run_dependencies/autonomy_repo
[1.383s] -- Up-to-date symlink: /home/xm/autonomy_ws/install/autonomy_repo/share/ament_index/resource_index/parent_prefix_path/autonomy_repo
[1.384s] -- Up-to-date symlink: /home/xm/autonomy_ws/install/autonomy_repo/share/autonomy_repo/environment/ament_prefix_path.sh
[1.385s] -- Up-to-date symlink: /home/xm/autonomy_ws/install/autonomy_repo/share/autonomy_repo/environment/ament_prefix_path.dsv
[1.386s] -- Up-to-date symlink: /home/xm/autonomy_ws/install/autonomy_repo/share/autonomy_repo/environment/path.sh
[1.386s] -- Up-to-date symlink: /home/xm/autonomy_ws/install/autonomy_repo/share/autonomy_repo/environment/path.dsv
[1.387s] -- Up-to-date symlink: /home/xm/autonomy_ws/install/autonomy_repo/share/autonomy_repo/local_setup.bash
[1.388s] -- Up-to-date symlink: /home/xm/autonomy_ws/install/autonomy_repo/share/autonomy_repo/local_setup.sh
[1.388s] -- Up-to-date symlink: /home/xm/autonomy_ws/install/autonomy_repo/share/autonomy_repo/local_setup.zsh
[1.389s] -- Up-to-date symlink: /home/xm/autonomy_ws/install/autonomy_repo/share/autonomy_repo/local_setup.dsv
[1.389s] -- Symlinking: /home/xm/autonomy_ws/install/autonomy_repo/share/autonomy_repo/package.dsv
[1.395s] -- Up-to-date symlink: /home/xm/autonomy_ws/install/autonomy_repo/share/ament_index/resource_index/packages/autonomy_repo
[1.397s] -- Up-to-date symlink: /home/xm/autonomy_ws/install/autonomy_repo/share/autonomy_repo/cmake/autonomy_repoConfig.cmake
[1.398s] -- Up-to-date symlink: /home/xm/autonomy_ws/install/autonomy_repo/share/autonomy_repo/cmake/autonomy_repoConfig-version.cmake
[1.398s] -- Up-to-date symlink: /home/xm/autonomy_ws/install/autonomy_repo/share/autonomy_repo/package.xml
[1.401s] Invoked command in '/home/xm/autonomy_ws/build/autonomy_repo' returned '0': CMAKE_PREFIX_PATH=${CMAKE_PREFIX_PATH}:/opt/ros/humble /opt/cmake/bin/cmake --install /home/xm/autonomy_ws/build/autonomy_repo
