[0.731s] DEBUG:colcon:Command line arguments: ['/usr/bin/colcon', 'build', '--symlink-install']
[0.731s] DEBUG:colcon:Parsed command line arguments: Namespace(log_base=None, log_level=None, verb_name='build', build_base='build', install_base='install', merge_install=False, symlink_install=True, test_result_base=None, continue_on_error=False, executor='parallel', parallel_workers=4, event_handlers=None, ignore_user_meta=False, metas=['./colcon.meta'], base_paths=['.'], packages_ignore=None, packages_ignore_regex=None, paths=None, packages_up_to=None, packages_up_to_regex=None, packages_above=None, packages_above_and_dependencies=None, packages_above_depth=None, packages_select_by_dep=None, packages_skip_by_dep=None, packages_skip_up_to=None, packages_select_build_failed=False, packages_skip_build_finished=False, packages_select_test_failures=False, packages_skip_test_passed=False, packages_select=None, packages_skip=None, packages_select_regex=None, packages_skip_regex=None, packages_start=None, packages_end=None, allow_overriding=[], cmake_args=None, cmake_target=None, cmake_target_skip_unavailable=False, cmake_clean_cache=False, cmake_clean_first=False, cmake_force_configure=False, ament_cmake_args=None, catkin_cmake_args=None, catkin_skip_building_tests=False, mixin_files=None, mixin=None, verb_parser=<colcon_mixin.mixin.mixin_argument.MixinArgumentDecorator object at 0x7fb15ae3f940>, verb_extension=<colcon_core.verb.build.BuildVerb object at 0x7fb15b008070>, main=<bound method BuildVerb.main of <colcon_core.verb.build.BuildVerb object at 0x7fb15b008070>>, mixin_verb=('build',))
[2.384s] Level 1:colcon.colcon_core.package_discovery:discover_packages(colcon_meta) check parameters
[2.384s] Level 1:colcon.colcon_core.package_discovery:discover_packages(recursive) check parameters
[2.384s] Level 1:colcon.colcon_core.package_discovery:discover_packages(ignore) check parameters
[2.385s] Level 1:colcon.colcon_core.package_discovery:discover_packages(path) check parameters
[2.385s] Level 1:colcon.colcon_core.package_discovery:discover_packages(colcon_meta) discover
[2.385s] Level 1:colcon.colcon_core.package_discovery:discover_packages(recursive) discover
[2.385s] INFO:colcon.colcon_core.package_discovery:Crawling recursively for packages in '/home/xm/autonomy_ws'
[2.385s] Level 1:colcon.colcon_core.package_identification:_identify(.) by extensions ['ignore', 'ignore_ament_install']
[2.385s] Level 1:colcon.colcon_core.package_identification:_identify(.) by extension 'ignore'
[2.385s] Level 1:colcon.colcon_core.package_identification:_identify(.) by extension 'ignore_ament_install'
[2.385s] Level 1:colcon.colcon_core.package_identification:_identify(.) by extensions ['colcon_pkg']
[2.386s] Level 1:colcon.colcon_core.package_identification:_identify(.) by extension 'colcon_pkg'
[2.386s] Level 1:colcon.colcon_core.package_identification:_identify(.) by extensions ['colcon_meta']
[2.386s] Level 1:colcon.colcon_core.package_identification:_identify(.) by extension 'colcon_meta'
[2.386s] Level 1:colcon.colcon_core.package_identification:_identify(.) by extensions ['ros']
[2.386s] Level 1:colcon.colcon_core.package_identification:_identify(.) by extension 'ros'
[2.492s] Level 1:colcon.colcon_core.package_identification:_identify(.) by extensions ['cmake', 'python']
[2.494s] Level 1:colcon.colcon_core.package_identification:_identify(.) by extension 'cmake'
[2.494s] Level 1:colcon.colcon_core.package_identification:_identify(.) by extension 'python'
[2.494s] Level 1:colcon.colcon_core.package_identification:_identify(.) by extensions ['python_setup_py']
[2.494s] Level 1:colcon.colcon_core.package_identification:_identify(.) by extension 'python_setup_py'
[2.494s] Level 1:colcon.colcon_core.package_identification:_identify(Open3D) by extensions ['ignore', 'ignore_ament_install']
[2.494s] Level 1:colcon.colcon_core.package_identification:_identify(Open3D) by extension 'ignore'
[2.494s] Level 1:colcon.colcon_core.package_identification:_identify(Open3D) by extension 'ignore_ament_install'
[2.495s] Level 1:colcon.colcon_core.package_identification:_identify(Open3D) by extensions ['colcon_pkg']
[2.495s] Level 1:colcon.colcon_core.package_identification:_identify(Open3D) by extension 'colcon_pkg'
[2.495s] Level 1:colcon.colcon_core.package_identification:_identify(Open3D) by extensions ['colcon_meta']
[2.495s] Level 1:colcon.colcon_core.package_identification:_identify(Open3D) by extension 'colcon_meta'
[2.495s] Level 1:colcon.colcon_core.package_identification:_identify(Open3D) by extensions ['ros']
[2.495s] Level 1:colcon.colcon_core.package_identification:_identify(Open3D) by extension 'ros'
[2.496s] Level 1:colcon.colcon_core.package_identification:_identify(Open3D) by extensions ['cmake', 'python']
[2.496s] Level 1:colcon.colcon_core.package_identification:_identify(Open3D) by extension 'cmake'
[2.751s] Level 1:colcon.colcon_core.package_identification:_identify(Open3D) by extension 'python'
[2.751s] DEBUG:colcon.colcon_core.package_identification:Package 'Open3D' with type 'cmake' and name 'Open3D'
[2.751s] Level 1:colcon.colcon_core.package_identification:_identify(build) by extensions ['ignore', 'ignore_ament_install']
[2.752s] Level 1:colcon.colcon_core.package_identification:_identify(build) by extension 'ignore'
[2.752s] Level 1:colcon.colcon_core.package_identification:_identify(build) ignored
[2.752s] Level 1:colcon.colcon_core.package_identification:_identify(install) by extensions ['ignore', 'ignore_ament_install']
[2.752s] Level 1:colcon.colcon_core.package_identification:_identify(install) by extension 'ignore'
[2.752s] Level 1:colcon.colcon_core.package_identification:_identify(install) ignored
[2.752s] Level 1:colcon.colcon_core.package_identification:_identify(log) by extensions ['ignore', 'ignore_ament_install']
[2.752s] Level 1:colcon.colcon_core.package_identification:_identify(log) by extension 'ignore'
[2.753s] Level 1:colcon.colcon_core.package_identification:_identify(log) ignored
[2.753s] Level 1:colcon.colcon_core.package_identification:_identify(src) by extensions ['ignore', 'ignore_ament_install']
[2.753s] Level 1:colcon.colcon_core.package_identification:_identify(src) by extension 'ignore'
[2.753s] Level 1:colcon.colcon_core.package_identification:_identify(src) by extension 'ignore_ament_install'
[2.753s] Level 1:colcon.colcon_core.package_identification:_identify(src) by extensions ['colcon_pkg']
[2.753s] Level 1:colcon.colcon_core.package_identification:_identify(src) by extension 'colcon_pkg'
[2.753s] Level 1:colcon.colcon_core.package_identification:_identify(src) by extensions ['colcon_meta']
[2.753s] Level 1:colcon.colcon_core.package_identification:_identify(src) by extension 'colcon_meta'
[2.753s] Level 1:colcon.colcon_core.package_identification:_identify(src) by extensions ['ros']
[2.753s] Level 1:colcon.colcon_core.package_identification:_identify(src) by extension 'ros'
[2.754s] Level 1:colcon.colcon_core.package_identification:_identify(src) by extensions ['cmake', 'python']
[2.754s] Level 1:colcon.colcon_core.package_identification:_identify(src) by extension 'cmake'
[2.754s] Level 1:colcon.colcon_core.package_identification:_identify(src) by extension 'python'
[2.754s] Level 1:colcon.colcon_core.package_identification:_identify(src) by extensions ['python_setup_py']
[2.754s] Level 1:colcon.colcon_core.package_identification:_identify(src) by extension 'python_setup_py'
[2.754s] Level 1:colcon.colcon_core.package_identification:_identify(src/autonomy_repo) by extensions ['ignore', 'ignore_ament_install']
[2.754s] Level 1:colcon.colcon_core.package_identification:_identify(src/autonomy_repo) by extension 'ignore'
[2.754s] Level 1:colcon.colcon_core.package_identification:_identify(src/autonomy_repo) by extension 'ignore_ament_install'
[2.754s] Level 1:colcon.colcon_core.package_identification:_identify(src/autonomy_repo) by extensions ['colcon_pkg']
[2.754s] Level 1:colcon.colcon_core.package_identification:_identify(src/autonomy_repo) by extension 'colcon_pkg'
[2.754s] Level 1:colcon.colcon_core.package_identification:_identify(src/autonomy_repo) by extensions ['colcon_meta']
[2.754s] Level 1:colcon.colcon_core.package_identification:_identify(src/autonomy_repo) by extension 'colcon_meta'
[2.755s] Level 1:colcon.colcon_core.package_identification:_identify(src/autonomy_repo) by extensions ['ros']
[2.755s] Level 1:colcon.colcon_core.package_identification:_identify(src/autonomy_repo) by extension 'ros'
[2.760s] DEBUG:colcon.colcon_core.package_identification:Package 'src/autonomy_repo' with type 'ros.ament_cmake' and name 'autonomy_repo'
[2.760s] Level 1:colcon.colcon_core.package_discovery:discover_packages(recursive) using defaults
[2.760s] Level 1:colcon.colcon_core.package_discovery:discover_packages(ignore) discover
[2.761s] Level 1:colcon.colcon_core.package_discovery:discover_packages(ignore) using defaults
[2.761s] Level 1:colcon.colcon_core.package_discovery:discover_packages(path) discover
[2.761s] Level 1:colcon.colcon_core.package_discovery:discover_packages(path) using defaults
[2.844s] Level 1:colcon.colcon_core.package_discovery:discover_packages(prefix_path) check parameters
[2.845s] Level 1:colcon.colcon_core.package_discovery:discover_packages(prefix_path) discover
[2.884s] DEBUG:colcon.colcon_installed_package_information.package_discovery:Found 1 installed packages in /home/xm/autonomy_ws/install
[2.892s] DEBUG:colcon.colcon_installed_package_information.package_discovery:Found 18 installed packages in /home/xm/tb_ws/install
[2.901s] DEBUG:colcon.colcon_installed_package_information.package_discovery:Found 304 installed packages in /opt/ros/humble
[2.906s] Level 1:colcon.colcon_core.package_discovery:discover_packages(prefix_path) using defaults
[3.039s] Level 5:colcon.colcon_core.verb:set package 'Open3D' build argument 'cmake_args' from command line to 'None'
[3.040s] Level 5:colcon.colcon_core.verb:set package 'Open3D' build argument 'cmake_target' from command line to 'None'
[3.040s] Level 5:colcon.colcon_core.verb:set package 'Open3D' build argument 'cmake_target_skip_unavailable' from command line to 'False'
[3.040s] Level 5:colcon.colcon_core.verb:set package 'Open3D' build argument 'cmake_clean_cache' from command line to 'False'
[3.042s] Level 5:colcon.colcon_core.verb:set package 'Open3D' build argument 'cmake_clean_first' from command line to 'False'
[3.042s] Level 5:colcon.colcon_core.verb:set package 'Open3D' build argument 'cmake_force_configure' from command line to 'False'
[3.042s] Level 5:colcon.colcon_core.verb:set package 'Open3D' build argument 'ament_cmake_args' from command line to 'None'
[3.042s] Level 5:colcon.colcon_core.verb:set package 'Open3D' build argument 'catkin_cmake_args' from command line to 'None'
[3.042s] Level 5:colcon.colcon_core.verb:set package 'Open3D' build argument 'catkin_skip_building_tests' from command line to 'False'
[3.042s] DEBUG:colcon.colcon_core.verb:Building package 'Open3D' with the following arguments: {'ament_cmake_args': None, 'build_base': '/home/xm/autonomy_ws/build/Open3D', 'catkin_cmake_args': None, 'catkin_skip_building_tests': False, 'cmake_args': None, 'cmake_clean_cache': False, 'cmake_clean_first': False, 'cmake_force_configure': False, 'cmake_target': None, 'cmake_target_skip_unavailable': False, 'install_base': '/home/xm/autonomy_ws/install/Open3D', 'merge_install': False, 'path': '/home/xm/autonomy_ws/Open3D', 'symlink_install': True, 'test_result_base': None}
[3.042s] Level 5:colcon.colcon_core.verb:set package 'autonomy_repo' build argument 'cmake_args' from command line to 'None'
[3.043s] Level 5:colcon.colcon_core.verb:set package 'autonomy_repo' build argument 'cmake_target' from command line to 'None'
[3.043s] Level 5:colcon.colcon_core.verb:set package 'autonomy_repo' build argument 'cmake_target_skip_unavailable' from command line to 'False'
[3.043s] Level 5:colcon.colcon_core.verb:set package 'autonomy_repo' build argument 'cmake_clean_cache' from command line to 'False'
[3.043s] Level 5:colcon.colcon_core.verb:set package 'autonomy_repo' build argument 'cmake_clean_first' from command line to 'False'
[3.043s] Level 5:colcon.colcon_core.verb:set package 'autonomy_repo' build argument 'cmake_force_configure' from command line to 'False'
[3.043s] Level 5:colcon.colcon_core.verb:set package 'autonomy_repo' build argument 'ament_cmake_args' from command line to 'None'
[3.043s] Level 5:colcon.colcon_core.verb:set package 'autonomy_repo' build argument 'catkin_cmake_args' from command line to 'None'
[3.043s] Level 5:colcon.colcon_core.verb:set package 'autonomy_repo' build argument 'catkin_skip_building_tests' from command line to 'False'
[3.043s] DEBUG:colcon.colcon_core.verb:Building package 'autonomy_repo' with the following arguments: {'ament_cmake_args': None, 'build_base': '/home/xm/autonomy_ws/build/autonomy_repo', 'catkin_cmake_args': None, 'catkin_skip_building_tests': False, 'cmake_args': None, 'cmake_clean_cache': False, 'cmake_clean_first': False, 'cmake_force_configure': False, 'cmake_target': None, 'cmake_target_skip_unavailable': False, 'install_base': '/home/xm/autonomy_ws/install/autonomy_repo', 'merge_install': False, 'path': '/home/xm/autonomy_ws/src/autonomy_repo', 'symlink_install': True, 'test_result_base': None}
[3.044s] INFO:colcon.colcon_core.executor:Executing jobs using 'parallel' executor
[3.045s] DEBUG:colcon.colcon_parallel_executor.executor.parallel:run_until_complete
[3.046s] INFO:colcon.colcon_cmake.task.cmake.build:Building CMake package in '/home/xm/autonomy_ws/Open3D'
[3.054s] INFO:colcon.colcon_core.plugin_system:Skipping extension 'colcon_core.shell.bat': Not used on non-Windows systems
[3.054s] INFO:colcon.colcon_core.shell:Skip shell extension 'powershell' for command environment: Not usable outside of PowerShell
[3.054s] DEBUG:colcon.colcon_core.shell:Skip shell extension 'dsv' for command environment
[3.066s] INFO:colcon.colcon_ros.task.ament_cmake.build:Building ROS package in '/home/xm/autonomy_ws/src/autonomy_repo' with build type 'ament_cmake'
[3.072s] INFO:colcon.colcon_cmake.task.cmake.build:Building CMake package in '/home/xm/autonomy_ws/src/autonomy_repo'
[3.073s] INFO:colcon.colcon_core.shell:Skip shell extension 'powershell' for command environment: Not usable outside of PowerShell
[3.074s] DEBUG:colcon.colcon_core.shell:Skip shell extension 'dsv' for command environment
[3.096s] DEBUG:colcon.colcon_core.event_handler.log_command:Invoking command in '/home/xm/autonomy_ws/build/Open3D': /opt/cmake/bin/cmake /home/xm/autonomy_ws/Open3D -DCMAKE_INSTALL_PREFIX=/home/xm/autonomy_ws/install/Open3D
[3.147s] DEBUG:colcon.colcon_core.event_handler.log_command:Invoking command in '/home/xm/autonomy_ws/build/autonomy_repo': CMAKE_PREFIX_PATH=${CMAKE_PREFIX_PATH}:/opt/ros/humble /opt/cmake/bin/cmake --build /home/xm/autonomy_ws/build/autonomy_repo -- -j4 -l4
[7.812s] DEBUG:colcon.colcon_core.event_handler.log_command:Invoked command in '/home/xm/autonomy_ws/build/autonomy_repo' returned '0': CMAKE_PREFIX_PATH=${CMAKE_PREFIX_PATH}:/opt/ros/humble /opt/cmake/bin/cmake --build /home/xm/autonomy_ws/build/autonomy_repo -- -j4 -l4
[7.998s] DEBUG:colcon.colcon_core.event_handler.log_command:Invoking command in '/home/xm/autonomy_ws/build/autonomy_repo': CMAKE_PREFIX_PATH=${CMAKE_PREFIX_PATH}:/opt/ros/humble /opt/cmake/bin/cmake --install /home/xm/autonomy_ws/build/autonomy_repo
[8.065s] Level 1:colcon.colcon_core.environment:create_environment_scripts_only(autonomy_repo)
[8.072s] DEBUG:colcon.colcon_core.event_handler.log_command:Invoked command in '/home/xm/autonomy_ws/build/autonomy_repo' returned '0': CMAKE_PREFIX_PATH=${CMAKE_PREFIX_PATH}:/opt/ros/humble /opt/cmake/bin/cmake --install /home/xm/autonomy_ws/build/autonomy_repo
[8.078s] Level 1:colcon.colcon_core.environment:checking '/home/xm/autonomy_ws/install/autonomy_repo' for CMake module files
[8.081s] Level 1:colcon.colcon_core.environment:checking '/home/xm/autonomy_ws/install/autonomy_repo' for CMake config files
[8.084s] Level 1:colcon.colcon_core.shell:create_environment_hook('autonomy_repo', 'cmake_prefix_path')
[8.085s] INFO:colcon.colcon_core.shell:Creating environment hook '/home/xm/autonomy_ws/install/autonomy_repo/share/autonomy_repo/hook/cmake_prefix_path.ps1'
[8.088s] INFO:colcon.colcon_core.shell:Creating environment descriptor '/home/xm/autonomy_ws/install/autonomy_repo/share/autonomy_repo/hook/cmake_prefix_path.dsv'
[8.090s] INFO:colcon.colcon_core.shell:Creating environment hook '/home/xm/autonomy_ws/install/autonomy_repo/share/autonomy_repo/hook/cmake_prefix_path.sh'
[8.094s] Level 1:colcon.colcon_core.environment:checking '/home/xm/autonomy_ws/install/autonomy_repo/lib'
[8.095s] Level 1:colcon.colcon_core.environment:checking '/home/xm/autonomy_ws/install/autonomy_repo/bin'
[8.095s] Level 1:colcon.colcon_core.environment:checking '/home/xm/autonomy_ws/install/autonomy_repo/lib/pkgconfig/autonomy_repo.pc'
[8.096s] Level 1:colcon.colcon_core.environment:checking '/home/xm/autonomy_ws/install/autonomy_repo/lib/python3.10/site-packages'
[8.098s] Level 1:colcon.colcon_core.environment:checking '/home/xm/autonomy_ws/install/autonomy_repo/bin'
[8.099s] INFO:colcon.colcon_core.shell:Creating package script '/home/xm/autonomy_ws/install/autonomy_repo/share/autonomy_repo/package.ps1'
[8.102s] INFO:colcon.colcon_core.shell:Creating package descriptor '/home/xm/autonomy_ws/install/autonomy_repo/share/autonomy_repo/package.dsv'
[8.104s] INFO:colcon.colcon_core.shell:Creating package script '/home/xm/autonomy_ws/install/autonomy_repo/share/autonomy_repo/package.sh'
[8.106s] INFO:colcon.colcon_core.shell:Creating package script '/home/xm/autonomy_ws/install/autonomy_repo/share/autonomy_repo/package.bash'
[8.108s] INFO:colcon.colcon_core.shell:Creating package script '/home/xm/autonomy_ws/install/autonomy_repo/share/autonomy_repo/package.zsh'
[8.109s] Level 1:colcon.colcon_core.environment:create_file_with_runtime_dependencies(/home/xm/autonomy_ws/install/autonomy_repo/share/colcon-core/packages/autonomy_repo)
[8.137s] Level 1:colcon.colcon_core.environment:create_environment_scripts_only(autonomy_repo)
[8.137s] Level 1:colcon.colcon_core.environment:checking '/home/xm/autonomy_ws/install/autonomy_repo' for CMake module files
[8.138s] Level 1:colcon.colcon_core.environment:checking '/home/xm/autonomy_ws/install/autonomy_repo' for CMake config files
[8.139s] Level 1:colcon.colcon_core.shell:create_environment_hook('autonomy_repo', 'cmake_prefix_path')
[8.139s] INFO:colcon.colcon_core.shell:Creating environment hook '/home/xm/autonomy_ws/install/autonomy_repo/share/autonomy_repo/hook/cmake_prefix_path.ps1'
[8.140s] INFO:colcon.colcon_core.shell:Creating environment descriptor '/home/xm/autonomy_ws/install/autonomy_repo/share/autonomy_repo/hook/cmake_prefix_path.dsv'
[8.142s] INFO:colcon.colcon_core.shell:Creating environment hook '/home/xm/autonomy_ws/install/autonomy_repo/share/autonomy_repo/hook/cmake_prefix_path.sh'
[8.143s] Level 1:colcon.colcon_core.environment:checking '/home/xm/autonomy_ws/install/autonomy_repo/lib'
[8.143s] Level 1:colcon.colcon_core.environment:checking '/home/xm/autonomy_ws/install/autonomy_repo/bin'
[8.143s] Level 1:colcon.colcon_core.environment:checking '/home/xm/autonomy_ws/install/autonomy_repo/lib/pkgconfig/autonomy_repo.pc'
[8.144s] Level 1:colcon.colcon_core.environment:checking '/home/xm/autonomy_ws/install/autonomy_repo/lib/python3.10/site-packages'
[8.144s] Level 1:colcon.colcon_core.environment:checking '/home/xm/autonomy_ws/install/autonomy_repo/bin'
[8.145s] INFO:colcon.colcon_core.shell:Creating package script '/home/xm/autonomy_ws/install/autonomy_repo/share/autonomy_repo/package.ps1'
[8.146s] INFO:colcon.colcon_core.shell:Creating package descriptor '/home/xm/autonomy_ws/install/autonomy_repo/share/autonomy_repo/package.dsv'
[8.146s] INFO:colcon.colcon_core.shell:Creating package script '/home/xm/autonomy_ws/install/autonomy_repo/share/autonomy_repo/package.sh'
[8.147s] INFO:colcon.colcon_core.shell:Creating package script '/home/xm/autonomy_ws/install/autonomy_repo/share/autonomy_repo/package.bash'
[8.148s] INFO:colcon.colcon_core.shell:Creating package script '/home/xm/autonomy_ws/install/autonomy_repo/share/autonomy_repo/package.zsh'
[8.151s] Level 1:colcon.colcon_core.environment:create_file_with_runtime_dependencies(/home/xm/autonomy_ws/install/autonomy_repo/share/colcon-core/packages/autonomy_repo)
[11.607s] DEBUG:colcon.colcon_core.event_handler.log_command:Invoked command in '/home/xm/autonomy_ws/build/Open3D' returned '1': /opt/cmake/bin/cmake /home/xm/autonomy_ws/Open3D -DCMAKE_INSTALL_PREFIX=/home/xm/autonomy_ws/install/Open3D
[11.619s] DEBUG:colcon.colcon_parallel_executor.executor.parallel:closing loop
[11.620s] DEBUG:colcon.colcon_parallel_executor.executor.parallel:loop closed
[11.620s] DEBUG:colcon.colcon_parallel_executor.executor.parallel:run_until_complete finished with '1'
[11.620s] DEBUG:colcon.colcon_core.event_reactor:joining thread
[11.664s] INFO:colcon.colcon_core.plugin_system:Skipping extension 'colcon_notification.desktop_notification.terminal_notifier': Not used on non-Darwin systems
[11.664s] INFO:colcon.colcon_core.plugin_system:Skipping extension 'colcon_notification.desktop_notification.win32': Not used on non-Windows systems
[11.664s] INFO:colcon.colcon_notification.desktop_notification:Sending desktop notification using 'notify2'
[11.778s] DEBUG:colcon.colcon_core.event_reactor:joined thread
[11.779s] INFO:colcon.colcon_core.shell:Creating prefix script '/home/xm/autonomy_ws/install/local_setup.ps1'
[11.783s] INFO:colcon.colcon_core.shell:Creating prefix util module '/home/xm/autonomy_ws/install/_local_setup_util_ps1.py'
[11.787s] INFO:colcon.colcon_core.shell:Creating prefix chain script '/home/xm/autonomy_ws/install/setup.ps1'
[11.800s] INFO:colcon.colcon_core.shell:Creating prefix script '/home/xm/autonomy_ws/install/local_setup.sh'
[11.804s] INFO:colcon.colcon_core.shell:Creating prefix util module '/home/xm/autonomy_ws/install/_local_setup_util_sh.py'
[11.807s] INFO:colcon.colcon_core.shell:Creating prefix chain script '/home/xm/autonomy_ws/install/setup.sh'
[11.814s] INFO:colcon.colcon_core.shell:Creating prefix script '/home/xm/autonomy_ws/install/local_setup.bash'
[11.816s] INFO:colcon.colcon_core.shell:Creating prefix chain script '/home/xm/autonomy_ws/install/setup.bash'
[11.827s] INFO:colcon.colcon_core.shell:Creating prefix script '/home/xm/autonomy_ws/install/local_setup.zsh'
[11.829s] INFO:colcon.colcon_core.shell:Creating prefix chain script '/home/xm/autonomy_ws/install/setup.zsh'
