[0.063s] Invoking command in '/home/xm/autonomy_ws/build/Open3D': /opt/cmake/bin/cmake /home/xm/autonomy_ws/Open3D -DCMAKE_INSTALL_PREFIX=/home/xm/autonomy_ws/install/Open3D
[0.113s] -- CMAKE_BUILD_TYPE is set to RelWithDebInfo.
[0.113s] -- OPEN3D_THIRD_PARTY_DOWNLOAD_DIR is not specified, will download directly.
[0.114s] [0mCMake Deprecation Warning at CMakeLists.txt:145 (cmake_policy):
[0.114s]   The OLD behavior for policy CMP0072 will be removed from a future version
[0.119s]   of CMake.
[0.119s] 
[0.119s]   The cmake-policies(7) manual explains that the OLD behaviors of all
[0.120s]   policies are deprecated and that a policy should be set to OLD only under
[0.120s]   specific short-term circumstances.  Projects should be ported to the NEW
[0.120s]   behavior and not rely on setting a policy to OLD.
[0.121s] 
[0.121s] [0m
[0.239s] -- Open3D 0.13.0+c3f9de224
[0.251s] -- Using python from PATH: PYTHON_IN_PATH-NOTFOUND
[0.299s] -- Using security hardening compiler flags: -fstack-protector-strong;-Wformat;-Wformat-security and
[0.300s] linker flags: -Wl,-z,noexecstack;-Wl,-z,relro,-z,now;-pie
[0.416s] -- Building library Assimp from source
[0.528s] -- Building with OpenMP
[0.862s] -- Building library 3rdparty_eigen3 from source
[0.863s] -- Building library 3rdparty_flann from source
[0.863s] -- Building library 3rdparty_nanoflann from source
[0.863s] -- Building library 3rdparty_glew from source
[0.870s] -- Building library 3rdparty_glfw3 from source
[0.874s] [0mCMake Deprecation Warning at 3rdparty/GLFW/CMakeLists.txt:3 (cmake_minimum_required):
[0.874s]   Compatibility with CMake < 3.10 will be removed from a future version of
[0.874s]   CMake.
[0.874s] 
[0.874s]   Update the VERSION argument <min> value or use a ...<max> suffix to tell
[0.875s]   CMake that the project does not need compatibility with older versions.
[0.875s] 
[0.875s] [0m
[0.882s] -- Using X11 for window creation
[1.341s] -- Building third-party library JPEG from source
[1.367s] -- NASM assembler not found - libjpeg-turbo performance may suffer
[1.367s] -- libturbojpeg: WITH_CRT_DLL=OFF
[1.378s] [31mCMake Error at /opt/cmake/share/cmake-3.31/Modules/ExternalProject/shared_internal_commands.cmake:1323 (message):
[1.379s]   No download info given for 'ext_turbojpeg' and its source directory:
[1.379s] 
[1.379s]    /home/xm/autonomy_ws/Open3D/3rdparty/libjpeg-turbo/libjpeg-turbo
[1.379s] 
[1.379s]   is not an existing non-empty directory.  Please specify one of:
[1.380s] 
[1.380s]    * SOURCE_DIR with an existing non-empty directory
[1.380s]    * DOWNLOAD_COMMAND
[1.380s]    * URL
[1.381s]    * GIT_REPOSITORY
[1.381s]    * SVN_REPOSITORY
[1.381s]    * HG_REPOSITORY
[1.381s]    * CVS_REPOSITORY and CVS_MODULE
[1.381s] Call Stack (most recent call first):
[1.381s]   /opt/cmake/share/cmake-3.31/Modules/ExternalProject.cmake:3041 (_ep_add_download_command)
[1.381s]   3rdparty/libjpeg-turbo/libjpeg-turbo.cmake:54 (ExternalProject_Add)
[1.382s]   3rdparty/find_dependencies.cmake:496 (include)
[1.382s]   CMakeLists.txt:613 (include)
[1.382s] 
[1.383s] [0m
[1.384s] -- Configuring incomplete, errors occurred!
[1.397s] Invoked command in '/home/xm/autonomy_ws/build/Open3D' returned '1': /opt/cmake/bin/cmake /home/xm/autonomy_ws/Open3D -DCMAKE_INSTALL_PREFIX=/home/xm/autonomy_ws/install/Open3D
