[0.034s] Invoking command in '/home/xm/autonomy_ws/build/autonomy_repo': CMAKE_PREFIX_PATH=${CMAKE_PREFIX_PATH}:/opt/ros/humble /opt/cmake/bin/cmake --build /home/xm/autonomy_ws/build/autonomy_repo -- -j4 -l4
[0.063s] Invoked command in '/home/xm/autonomy_ws/build/autonomy_repo' returned '0': CMAKE_PREFIX_PATH=${CMAKE_PREFIX_PATH}:/opt/ros/humble /opt/cmake/bin/cmake --build /home/xm/autonomy_ws/build/autonomy_repo -- -j4 -l4
[0.098s] Invoking command in '/home/xm/autonomy_ws/build/autonomy_repo': CMAKE_PREFIX_PATH=${CMAKE_PREFIX_PATH}:/opt/ros/humble /opt/cmake/bin/cmake --install /home/xm/autonomy_ws/build/autonomy_repo
[0.101s] -- Install configuration: ""
[0.102s] -- Execute custom install script
[0.102s] -- Up-to-date symlink: /home/xm/autonomy_ws/install/autonomy_repo/share/autonomy_repo/launch/icp.launch.py
[0.103s] -- Up-to-date symlink: /home/xm/autonomy_ws/install/autonomy_repo/share/autonomy_repo/rviz/default.rviz
[0.104s] -- Up-to-date symlink: /home/xm/autonomy_ws/install/autonomy_repo/lib/autonomy_repo/icp_node.py
[0.104s] -- Up-to-date symlink: /home/xm/autonomy_ws/install/autonomy_repo/share/ament_index/resource_index/package_run_dependencies/autonomy_repo
[0.104s] -- Up-to-date symlink: /home/xm/autonomy_ws/install/autonomy_repo/share/ament_index/resource_index/parent_prefix_path/autonomy_repo
[0.105s] -- Up-to-date symlink: /home/xm/autonomy_ws/install/autonomy_repo/share/autonomy_repo/environment/ament_prefix_path.sh
[0.105s] -- Up-to-date symlink: /home/xm/autonomy_ws/install/autonomy_repo/share/autonomy_repo/environment/ament_prefix_path.dsv
[0.105s] -- Up-to-date symlink: /home/xm/autonomy_ws/install/autonomy_repo/share/autonomy_repo/environment/path.sh
[0.105s] -- Up-to-date symlink: /home/xm/autonomy_ws/install/autonomy_repo/share/autonomy_repo/environment/path.dsv
[0.106s] -- Up-to-date symlink: /home/xm/autonomy_ws/install/autonomy_repo/share/autonomy_repo/local_setup.bash
[0.107s] -- Up-to-date symlink: /home/xm/autonomy_ws/install/autonomy_repo/share/autonomy_repo/local_setup.sh
[0.107s] -- Up-to-date symlink: /home/xm/autonomy_ws/install/autonomy_repo/share/autonomy_repo/local_setup.zsh
[0.107s] -- Up-to-date symlink: /home/xm/autonomy_ws/install/autonomy_repo/share/autonomy_repo/local_setup.dsv
[0.107s] -- Symlinking: /home/xm/autonomy_ws/install/autonomy_repo/share/autonomy_repo/package.dsv
[0.118s] -- Up-to-date symlink: /home/xm/autonomy_ws/install/autonomy_repo/share/ament_index/resource_index/packages/autonomy_repo
[0.119s] -- Up-to-date symlink: /home/xm/autonomy_ws/install/autonomy_repo/share/autonomy_repo/cmake/autonomy_repoConfig.cmake
[0.119s] -- Up-to-date symlink: /home/xm/autonomy_ws/install/autonomy_repo/share/autonomy_repo/cmake/autonomy_repoConfig-version.cmake
[0.119s] -- Up-to-date symlink: /home/xm/autonomy_ws/install/autonomy_repo/share/autonomy_repo/package.xml
[0.125s] Invoked command in '/home/xm/autonomy_ws/build/autonomy_repo' returned '0': CMAKE_PREFIX_PATH=${CMAKE_PREFIX_PATH}:/opt/ros/humble /opt/cmake/bin/cmake --install /home/xm/autonomy_ws/build/autonomy_repo
