-- The C compiler identification is GNU 11.4.0
-- The CXX compiler identification is GNU 11.4.0
-- Detecting C compiler ABI info
-- Detecting C compiler ABI info - done
-- Check for working C compiler: /usr/bin/cc - skipped
-- Detecting C compile features
-- Detecting C compile features - done
-- Detecting CXX compiler ABI info
-- Detecting CXX compiler ABI info - done
-- Check for working CXX compiler: /usr/bin/c++ - skipped
-- Detecting CXX compile features
-- Detecting CXX compile features - done
-- Found ament_cmake: 1.3.10 (/opt/ros/humble/share/ament_cmake/cmake)
-- Found Python3: /usr/bin/python3 (found version "3.10.12") found components: Interpreter
-- Override CMake install command with custom implementation using symlinks instead of copying resources
-- Found rclpy: 3.3.14 (/opt/ros/humble/share/rclpy/cmake)
-- Found asl_tb3_lib: 0.0.0 (/home/xm/tb_ws/install/asl_tb3_lib/share/asl_tb3_lib/cmake)
-- Found asl_tb3_msgs: 0.0.0 (/home/xm/tb_ws/install/asl_tb3_msgs/share/asl_tb3_msgs/cmake)
-- Found rosidl_generator_c: 3.1.5 (/opt/ros/humble/share/rosidl_generator_c/cmake)
-- Found rosidl_adapter: 3.1.5 (/opt/ros/humble/share/rosidl_adapter/cmake)
-- Found rosidl_generator_cpp: 3.1.5 (/opt/ros/humble/share/rosidl_generator_cpp/cmake)
-- Using all available rosidl_typesupport_c: rosidl_typesupport_fastrtps_c;rosidl_typesupport_introspection_c
-- Using all available rosidl_typesupport_cpp: rosidl_typesupport_fastrtps_cpp;rosidl_typesupport_introspection_cpp
-- Found ament_lint_auto: 0.12.11 (/opt/ros/humble/share/ament_lint_auto/cmake)
-- Added test 'flake8' to check Python code syntax and style conventions
-- Added test 'lint_cmake' to check CMake code style
-- Added test 'pep257' to check Python code against some of the docstring style conventions in PEP 257
-- Added test 'xmllint' to check XML markup files
-- Configuring done (4.6s)
-- Generating done (0.0s)
-- Build files have been written to: /home/xm/autonomy_ws/build/autonomy_repo
-- Install configuration: ""
-- Execute custom install script
-- Symlinking: /home/xm/autonomy_ws/install/autonomy_repo/share/autonomy_repo/launch/icp.launch.py
-- Symlinking: /home/xm/autonomy_ws/install/autonomy_repo/share/autonomy_repo/rviz/default.rviz
-- Symlinking: /home/xm/autonomy_ws/install/autonomy_repo/lib/autonomy_repo/icp_node.py
-- Symlinking: /home/xm/autonomy_ws/install/autonomy_repo/lib/autonomy_repo/keyboard_teleop.py
-- Symlinking: /home/xm/autonomy_ws/install/autonomy_repo/share/ament_index/resource_index/package_run_dependencies/autonomy_repo
-- Symlinking: /home/xm/autonomy_ws/install/autonomy_repo/share/ament_index/resource_index/parent_prefix_path/autonomy_repo
-- Symlinking: /home/xm/autonomy_ws/install/autonomy_repo/share/autonomy_repo/environment/ament_prefix_path.sh
-- Symlinking: /home/xm/autonomy_ws/install/autonomy_repo/share/autonomy_repo/environment/ament_prefix_path.dsv
-- Symlinking: /home/xm/autonomy_ws/install/autonomy_repo/share/autonomy_repo/environment/path.sh
-- Symlinking: /home/xm/autonomy_ws/install/autonomy_repo/share/autonomy_repo/environment/path.dsv
-- Symlinking: /home/xm/autonomy_ws/install/autonomy_repo/share/autonomy_repo/local_setup.bash
-- Symlinking: /home/xm/autonomy_ws/install/autonomy_repo/share/autonomy_repo/local_setup.sh
-- Symlinking: /home/xm/autonomy_ws/install/autonomy_repo/share/autonomy_repo/local_setup.zsh
-- Symlinking: /home/xm/autonomy_ws/install/autonomy_repo/share/autonomy_repo/local_setup.dsv
-- Symlinking: /home/xm/autonomy_ws/install/autonomy_repo/share/autonomy_repo/package.dsv
-- Symlinking: /home/xm/autonomy_ws/install/autonomy_repo/share/ament_index/resource_index/packages/autonomy_repo
-- Symlinking: /home/xm/autonomy_ws/install/autonomy_repo/share/autonomy_repo/cmake/autonomy_repoConfig.cmake
-- Symlinking: /home/xm/autonomy_ws/install/autonomy_repo/share/autonomy_repo/cmake/autonomy_repoConfig-version.cmake
-- Symlinking: /home/xm/autonomy_ws/install/autonomy_repo/share/autonomy_repo/package.xml
