[0.042s] Invoking command in '/home/xm/autonomy_ws/build/autonomy_repo': CMAKE_PREFIX_PATH=${CMAKE_PREFIX_PATH}:/opt/ros/humble /opt/cmake/bin/cmake /home/xm/autonomy_ws/src/autonomy_repo -DAMENT_CMAKE_SYMLINK_INSTALL=1 -DCMAKE_INSTALL_PREFIX=/home/xm/autonomy_ws/install/autonomy_repo
[0.128s] [0mCMake Deprecation Warning at CMakeLists.txt:1 (cmake_minimum_required):
[0.129s]   Compatibility with CMake < 3.10 will be removed from a future version of
[0.129s]   CMake.
[0.129s] 
[0.130s]   Update the VERSION argument <min> value or use a ...<max> suffix to tell
[0.130s]   CMake that the project does not need compatibility with older versions.
[0.130s] 
[0.130s] [0m
[0.656s] -- The C compiler identification is GNU 11.4.0
[1.134s] -- The CXX compiler identification is GNU 11.4.0
[1.210s] -- Detecting C compiler ABI info
[1.580s] -- Detecting C compiler ABI info - done
[1.661s] -- Check for working C compiler: /usr/bin/cc - skipped
[1.662s] -- Detecting C compile features
[1.663s] -- Detecting C compile features - done
[1.726s] -- Detecting CXX compiler ABI info
[1.993s] -- Detecting CXX compiler ABI info - done
[2.083s] -- Check for working CXX compiler: /usr/bin/c++ - skipped
[2.083s] -- Detecting CXX compile features
[2.090s] -- Detecting CXX compile features - done
[2.126s] -- Found ament_cmake: 1.3.10 (/opt/ros/humble/share/ament_cmake/cmake)
[2.615s] -- Found Python3: /usr/bin/python3 (found version "3.10.12") found components: Interpreter
[2.937s] -- Override CMake install command with custom implementation using symlinks instead of copying resources
[3.225s] -- Found rclpy: 3.3.14 (/opt/ros/humble/share/rclpy/cmake)
[3.239s] -- Found asl_tb3_lib: 0.0.0 (/home/xm/tb_ws/install/asl_tb3_lib/share/asl_tb3_lib/cmake)
[3.247s] -- Found asl_tb3_msgs: 0.0.0 (/home/xm/tb_ws/install/asl_tb3_msgs/share/asl_tb3_msgs/cmake)
[3.558s] -- Found rosidl_generator_c: 3.1.5 (/opt/ros/humble/share/rosidl_generator_c/cmake)
[3.599s] -- Found rosidl_adapter: 3.1.5 (/opt/ros/humble/share/rosidl_adapter/cmake)
[3.671s] -- Found rosidl_generator_cpp: 3.1.5 (/opt/ros/humble/share/rosidl_generator_cpp/cmake)
[3.799s] -- Using all available rosidl_typesupport_c: rosidl_typesupport_fastrtps_c;rosidl_typesupport_introspection_c
[3.926s] -- Using all available rosidl_typesupport_cpp: rosidl_typesupport_fastrtps_cpp;rosidl_typesupport_introspection_cpp
[4.264s] -- Found ament_lint_auto: 0.12.11 (/opt/ros/humble/share/ament_lint_auto/cmake)
[4.680s] -- Added test 'flake8' to check Python code syntax and style conventions
[4.687s] -- Added test 'lint_cmake' to check CMake code style
[4.688s] -- Added test 'pep257' to check Python code against some of the docstring style conventions in PEP 257
[4.694s] -- Added test 'xmllint' to check XML markup files
[4.706s] -- Configuring done (4.6s)
[4.758s] -- Generating done (0.0s)
[4.762s] -- Build files have been written to: /home/xm/autonomy_ws/build/autonomy_repo
[4.798s] Invoked command in '/home/xm/autonomy_ws/build/autonomy_repo' returned '0': CMAKE_PREFIX_PATH=${CMAKE_PREFIX_PATH}:/opt/ros/humble /opt/cmake/bin/cmake /home/xm/autonomy_ws/src/autonomy_repo -DAMENT_CMAKE_SYMLINK_INSTALL=1 -DCMAKE_INSTALL_PREFIX=/home/xm/autonomy_ws/install/autonomy_repo
[4.799s] Invoking command in '/home/xm/autonomy_ws/build/autonomy_repo': CMAKE_PREFIX_PATH=${CMAKE_PREFIX_PATH}:/opt/ros/humble /opt/cmake/bin/cmake --build /home/xm/autonomy_ws/build/autonomy_repo -- -j4 -l4
[4.846s] Invoked command in '/home/xm/autonomy_ws/build/autonomy_repo' returned '0': CMAKE_PREFIX_PATH=${CMAKE_PREFIX_PATH}:/opt/ros/humble /opt/cmake/bin/cmake --build /home/xm/autonomy_ws/build/autonomy_repo -- -j4 -l4
[4.950s] Invoking command in '/home/xm/autonomy_ws/build/autonomy_repo': CMAKE_PREFIX_PATH=${CMAKE_PREFIX_PATH}:/opt/ros/humble /opt/cmake/bin/cmake --install /home/xm/autonomy_ws/build/autonomy_repo
[4.957s] -- Install configuration: ""
[4.957s] -- Execute custom install script
[4.961s] -- Symlinking: /home/xm/autonomy_ws/install/autonomy_repo/share/autonomy_repo/launch/icp.launch.py
[4.996s] -- Symlinking: /home/xm/autonomy_ws/install/autonomy_repo/share/autonomy_repo/rviz/default.rviz
[5.001s] -- Symlinking: /home/xm/autonomy_ws/install/autonomy_repo/lib/autonomy_repo/icp_node.py
[5.017s] -- Symlinking: /home/xm/autonomy_ws/install/autonomy_repo/lib/autonomy_repo/keyboard_teleop.py
[5.036s] -- Symlinking: /home/xm/autonomy_ws/install/autonomy_repo/share/ament_index/resource_index/package_run_dependencies/autonomy_repo
[5.048s] -- Symlinking: /home/xm/autonomy_ws/install/autonomy_repo/share/ament_index/resource_index/parent_prefix_path/autonomy_repo
[5.057s] -- Symlinking: /home/xm/autonomy_ws/install/autonomy_repo/share/autonomy_repo/environment/ament_prefix_path.sh
[5.065s] -- Symlinking: /home/xm/autonomy_ws/install/autonomy_repo/share/autonomy_repo/environment/ament_prefix_path.dsv
[5.081s] -- Symlinking: /home/xm/autonomy_ws/install/autonomy_repo/share/autonomy_repo/environment/path.sh
[5.086s] -- Symlinking: /home/xm/autonomy_ws/install/autonomy_repo/share/autonomy_repo/environment/path.dsv
[5.098s] -- Symlinking: /home/xm/autonomy_ws/install/autonomy_repo/share/autonomy_repo/local_setup.bash
[5.125s] -- Symlinking: /home/xm/autonomy_ws/install/autonomy_repo/share/autonomy_repo/local_setup.sh
[5.143s] -- Symlinking: /home/xm/autonomy_ws/install/autonomy_repo/share/autonomy_repo/local_setup.zsh
[5.159s] -- Symlinking: /home/xm/autonomy_ws/install/autonomy_repo/share/autonomy_repo/local_setup.dsv
[5.172s] -- Symlinking: /home/xm/autonomy_ws/install/autonomy_repo/share/autonomy_repo/package.dsv
[5.187s] -- Symlinking: /home/xm/autonomy_ws/install/autonomy_repo/share/ament_index/resource_index/packages/autonomy_repo
[5.200s] -- Symlinking: /home/xm/autonomy_ws/install/autonomy_repo/share/autonomy_repo/cmake/autonomy_repoConfig.cmake
[5.217s] -- Symlinking: /home/xm/autonomy_ws/install/autonomy_repo/share/autonomy_repo/cmake/autonomy_repoConfig-version.cmake
[5.239s] -- Symlinking: /home/xm/autonomy_ws/install/autonomy_repo/share/autonomy_repo/package.xml
[5.267s] Invoked command in '/home/xm/autonomy_ws/build/autonomy_repo' returned '0': CMAKE_PREFIX_PATH=${CMAKE_PREFIX_PATH}:/opt/ros/humble /opt/cmake/bin/cmake --install /home/xm/autonomy_ws/build/autonomy_repo
